<?xml version="1.0" encoding="UTF-8"?>
<!-- Generated by org.testng.reporters.JUnitReportReporter -->
<testsuite hostname="RainBow" failures="0" tests="1" name="Testcases.ClearTrip.FlightTest" time="77.976" errors="0" timestamp="14 Dec 2019 23:58:53 GMT" skipped="0">
  <testcase classname="Testcases.ClearTrip.FlightTest" name="location" time="77.976"/>
</testsuite> <!-- Testcases.ClearTrip.FlightTest -->
