<?xml version="1.0" encoding="UTF-8"?>
<!-- Generated by org.testng.reporters.JUnitReportReporter -->
<testsuite hostname="RainBow" failures="0" tests="1" name="Testcases.ClearTrip.HomeTest" time="11.510" errors="0" timestamp="14 Dec 2019 23:58:53 GMT" skipped="0">
  <testcase classname="Testcases.ClearTrip.HomeTest" name="loginOnTours" time="11.510"/>
</testsuite> <!-- Testcases.ClearTrip.HomeTest -->
