<?xml version="1.0" encoding="UTF-8"?>
<!-- Generated by org.testng.reporters.JUnitReportReporter -->
<testsuite hostname="RainBow" failures="0" tests="1" name="Testcases.ClearTrip.HotelTest" time="32.834" errors="0" timestamp="14 Dec 2019 23:58:53 GMT" skipped="0">
  <testcase classname="Testcases.ClearTrip.HotelTest" name="hotelBookings" time="32.834"/>
</testsuite> <!-- Testcases.ClearTrip.HotelTest -->
