<?xml version="1.0" encoding="UTF-8"?>
<!-- Generated by org.testng.reporters.JUnitReportReporter -->
<testsuite hostname="RainBow" failures="0" tests="1" name="Testcases.ClearTrip.HotelPage" time="28.199" errors="0" timestamp="14 Dec 2019 23:19:01 GMT" skipped="0">
  <testcase classname="Testcases.ClearTrip.HotelPage" name="hotelBookings" time="28.199"/>
</testsuite> <!-- Testcases.ClearTrip.HotelPage -->
