<?xml version="1.0" encoding="UTF-8"?>
<!-- Generated by org.testng.reporters.JUnitReportReporter -->
<testsuite hostname="RainBow" failures="0" tests="1" name="Testcases.ClearTrip.HomePage" time="3.268" errors="0" timestamp="14 Dec 2019 23:19:01 GMT" skipped="0">
  <testcase classname="Testcases.ClearTrip.HomePage" name="loginOnTours" time="3.268"/>
</testsuite> <!-- Testcases.ClearTrip.HomePage -->
